<?xml version="1.0" encoding="UTF-8"?>
<testng-results ignored="0" total="1" passed="1" failed="0" skipped="0">
  <reporter-output>
  </reporter-output>
  <suite started-at="2022-07-24T16:13:21 IST" name="Default suite" finished-at="2022-07-24T16:13:37 IST" duration-ms="16079">
    <groups>
    </groups>
    <test started-at="2022-07-24T16:13:21 IST" name="Default test" finished-at="2022-07-24T16:13:37 IST" duration-ms="16079">
      <class name="BaseUtils.BaseTest">
        <test-method is-config="true" signature="setUp()[pri:0, instance:BaseUtils.BaseTest@5562c41e]" started-at="2022-07-24T16:13:20 IST" name="setUp" finished-at="2022-07-24T16:13:21 IST" duration-ms="212" status="PASS">
          <reporter-output>
          </reporter-output>
        </test-method> <!-- setUp -->
        <test-method is-config="true" signature="beforeTest()[pri:0, instance:BaseUtils.BaseTest@5562c41e]" started-at="2022-07-24T16:13:21 IST" name="beforeTest" finished-at="2022-07-24T16:13:23 IST" duration-ms="2732" status="PASS">
          <reporter-output>
          </reporter-output>
        </test-method> <!-- beforeTest -->
        <test-method signature="testActitime()[pri:0, instance:BaseUtils.BaseTest@5562c41e]" started-at="2022-07-24T16:13:23 IST" name="testActitime" finished-at="2022-07-24T16:13:36 IST" duration-ms="12800" status="PASS">
          <reporter-output>
          </reporter-output>
        </test-method> <!-- testActitime -->
        <test-method is-config="true" signature="afterTest()[pri:0, instance:BaseUtils.BaseTest@5562c41e]" started-at="2022-07-24T16:13:36 IST" name="afterTest" finished-at="2022-07-24T16:13:37 IST" duration-ms="524" status="PASS">
          <reporter-output>
          </reporter-output>
        </test-method> <!-- afterTest -->
      </class> <!-- BaseUtils.BaseTest -->
    </test> <!-- Default test -->
  </suite> <!-- Default suite -->
</testng-results>
